2023/07/12 15:58:04 [notice] 1#1: using the "epoll" event method
2023/07/12 15:58:04 [notice] 1#1: nginx/1.25.1
2023/07/12 15:58:04 [notice] 1#1: built by gcc 12.2.0 (Debian 12.2.0-14) 
2023/07/12 15:58:04 [notice] 1#1: OS: Linux 5.10.16.3-microsoft-standard-WSL2
2023/07/12 15:58:04 [notice] 1#1: getrlimit(RLIMIT_NOFILE): 1048576:1048576
2023/07/12 15:58:04 [notice] 1#1: start worker processes
2023/07/12 15:58:04 [notice] 1#1: start worker process 28
2023/07/12 15:58:04 [notice] 1#1: start worker process 29
2023/07/12 15:58:04 [notice] 1#1: start worker process 30
2023/07/12 15:58:04 [notice] 1#1: start worker process 31
2023/07/12 15:58:04 [notice] 1#1: start worker process 32
2023/07/12 15:58:04 [notice] 1#1: start worker process 33
2023/07/12 15:58:12 [error] 28#28: *1 directory index of "/usr/share/nginx/html/" is forbidden, client: 172.18.0.1, server: localhost, request: "GET / HTTP/1.1", host: "localhost:8080"
2023/07/12 15:58:12 [error] 28#28: *1 open() "/usr/share/nginx/html/favicon.ico" failed (2: No such file or directory), client: 172.18.0.1, server: localhost, request: "GET /favicon.ico HTTP/1.1", host: "localhost:8080", referrer: "http://localhost:8080/"
2023/07/12 15:58:21 [error] 28#28: *1 directory index of "/usr/share/nginx/html/" is forbidden, client: 172.18.0.1, server: localhost, request: "GET / HTTP/1.1", host: "localhost:8080"
2023/07/12 15:58:52 [error] 28#28: *1 directory index of "/usr/share/nginx/html/" is forbidden, client: 172.18.0.1, server: localhost, request: "GET / HTTP/1.1", host: "localhost:8080"
2023/07/12 15:59:25 [error] 28#28: *1 directory index of "/usr/share/nginx/html/" is forbidden, client: 172.18.0.1, server: localhost, request: "GET / HTTP/1.1", host: "localhost:8080"
2023/07/12 16:01:34 [notice] 1#1: signal 3 (SIGQUIT) received, shutting down
2023/07/12 16:01:34 [notice] 28#28: gracefully shutting down
2023/07/12 16:01:34 [notice] 29#29: gracefully shutting down
2023/07/12 16:01:34 [notice] 30#30: gracefully shutting down
2023/07/12 16:01:34 [notice] 31#31: gracefully shutting down
2023/07/12 16:01:34 [notice] 32#32: gracefully shutting down
2023/07/12 16:01:34 [notice] 32#32: exiting
2023/07/12 16:01:34 [notice] 33#33: gracefully shutting down
2023/07/12 16:01:34 [notice] 28#28: exiting
2023/07/12 16:01:34 [notice] 29#29: exiting
2023/07/12 16:01:34 [notice] 30#30: exiting
2023/07/12 16:01:34 [notice] 31#31: exiting
2023/07/12 16:01:34 [notice] 32#32: exit
2023/07/12 16:01:34 [notice] 33#33: exiting
2023/07/12 16:01:34 [notice] 28#28: exit
2023/07/12 16:01:34 [notice] 29#29: exit
2023/07/12 16:01:34 [notice] 30#30: exit
2023/07/12 16:01:34 [notice] 31#31: exit
2023/07/12 16:01:34 [notice] 33#33: exit
2023/07/12 16:01:34 [notice] 1#1: signal 17 (SIGCHLD) received from 28
2023/07/12 16:01:34 [notice] 1#1: worker process 28 exited with code 0
2023/07/12 16:01:34 [notice] 1#1: signal 29 (SIGIO) received
2023/07/12 16:01:34 [notice] 1#1: signal 17 (SIGCHLD) received from 29
2023/07/12 16:01:34 [notice] 1#1: worker process 29 exited with code 0
2023/07/12 16:01:34 [notice] 1#1: worker process 30 exited with code 0
2023/07/12 16:01:34 [notice] 1#1: worker process 32 exited with code 0
2023/07/12 16:01:34 [notice] 1#1: worker process 33 exited with code 0
2023/07/12 16:01:34 [notice] 1#1: signal 29 (SIGIO) received
2023/07/12 16:01:34 [notice] 1#1: signal 17 (SIGCHLD) received from 33
2023/07/12 16:01:34 [notice] 1#1: signal 17 (SIGCHLD) received from 31
2023/07/12 16:01:34 [notice] 1#1: worker process 31 exited with code 0
2023/07/12 16:01:34 [notice] 1#1: exit
2023/07/12 16:01:35 [notice] 1#1: using the "epoll" event method
2023/07/12 16:01:35 [notice] 1#1: nginx/1.25.1
2023/07/12 16:01:35 [notice] 1#1: built by gcc 12.2.0 (Debian 12.2.0-14) 
2023/07/12 16:01:35 [notice] 1#1: OS: Linux 5.10.16.3-microsoft-standard-WSL2
2023/07/12 16:01:35 [notice] 1#1: getrlimit(RLIMIT_NOFILE): 1048576:1048576
2023/07/12 16:01:35 [notice] 1#1: start worker processes
2023/07/12 16:01:35 [notice] 1#1: start worker process 28
2023/07/12 16:01:35 [notice] 1#1: start worker process 29
2023/07/12 16:01:35 [notice] 1#1: start worker process 30
2023/07/12 16:01:35 [notice] 1#1: start worker process 31
2023/07/12 16:01:35 [notice] 1#1: start worker process 32
2023/07/12 16:01:35 [notice] 1#1: start worker process 33
2023/07/12 16:01:38 [error] 28#28: *1 directory index of "/usr/share/nginx/html/" is forbidden, client: 172.18.0.1, server: localhost, request: "GET / HTTP/1.1", host: "localhost:8080"
2023/07/12 16:01:53 [error] 28#28: *1 directory index of "/usr/share/nginx/html/" is forbidden, client: 172.18.0.1, server: localhost, request: "GET / HTTP/1.1", host: "localhost:8080"
2023/07/12 16:01:54 [error] 28#28: *1 directory index of "/usr/share/nginx/html/" is forbidden, client: 172.18.0.1, server: localhost, request: "GET / HTTP/1.1", host: "localhost:8080"
2023/07/12 16:03:02 [error] 31#31: *4 open() "/usr/share/nginx/html/api/auth/login" failed (2: No such file or directory), client: 172.18.0.1, server: localhost, request: "POST /api/auth/login HTTP/1.1", host: "localhost:8080"
2023/07/12 16:28:18 [error] 32#32: *5 directory index of "/usr/share/nginx/html/" is forbidden, client: 172.18.0.1, server: localhost, request: "GET / HTTP/1.1", host: "localhost:8080"
2023/07/12 16:28:19 [error] 32#32: *5 directory index of "/usr/share/nginx/html/" is forbidden, client: 172.18.0.1, server: localhost, request: "GET / HTTP/1.1", host: "localhost:8080"
2023/07/13 09:26:46 [error] 28#28: *8 open() "/usr/share/nginx/html/api/auth/login" failed (2: No such file or directory), client: 172.18.0.1, server: localhost, request: "POST /api/auth/login HTTP/1.1", host: "localhost:8080"
2023/07/13 09:27:35 [error] 28#28: *8 open() "/usr/share/nginx/html/api/auth/login" failed (2: No such file or directory), client: 172.18.0.1, server: localhost, request: "POST /api/auth/login HTTP/1.1", host: "localhost:8080"
2023/07/13 09:27:36 [error] 28#28: *8 open() "/usr/share/nginx/html/api/auth/login" failed (2: No such file or directory), client: 172.18.0.1, server: localhost, request: "POST /api/auth/login HTTP/1.1", host: "localhost:8080"
2023/07/13 09:27:57 [error] 28#28: *8 open() "/usr/share/nginx/html/api/auth/login" failed (2: No such file or directory), client: 172.18.0.1, server: localhost, request: "POST /api/auth/login HTTP/1.1", host: "localhost:8080"
2023/07/13 09:28:08 [error] 28#28: *8 open() "/usr/share/nginx/html/api/auth/login" failed (2: No such file or directory), client: 172.18.0.1, server: localhost, request: "POST /api/auth/login HTTP/1.1", host: "localhost:8080"
2023/07/13 09:28:08 [error] 28#28: *8 open() "/usr/share/nginx/html/api/auth/login" failed (2: No such file or directory), client: 172.18.0.1, server: localhost, request: "POST /api/auth/login HTTP/1.1", host: "localhost:8080"
2023/07/13 09:34:26 [notice] 1#1: signal 3 (SIGQUIT) received, shutting down
2023/07/13 09:34:26 [notice] 28#28: gracefully shutting down
2023/07/13 09:34:26 [notice] 28#28: exiting
2023/07/13 09:34:26 [notice] 33#33: gracefully shutting down
2023/07/13 09:34:26 [notice] 29#29: gracefully shutting down
2023/07/13 09:34:26 [notice] 30#30: gracefully shutting down
2023/07/13 09:34:26 [notice] 32#32: gracefully shutting down
2023/07/13 09:34:26 [notice] 31#31: gracefully shutting down
2023/07/13 09:34:26 [notice] 28#28: exit
2023/07/13 09:34:26 [notice] 33#33: exiting
2023/07/13 09:34:26 [notice] 29#29: exiting
2023/07/13 09:34:26 [notice] 30#30: exiting
2023/07/13 09:34:26 [notice] 32#32: exiting
2023/07/13 09:34:26 [notice] 31#31: exiting
2023/07/13 09:34:26 [notice] 33#33: exit
2023/07/13 09:34:26 [notice] 29#29: exit
2023/07/13 09:34:26 [notice] 30#30: exit
2023/07/13 09:34:26 [notice] 32#32: exit
2023/07/13 09:34:26 [notice] 31#31: exit
2023/07/13 09:34:26 [notice] 1#1: signal 17 (SIGCHLD) received from 30
2023/07/13 09:34:26 [notice] 1#1: worker process 30 exited with code 0
2023/07/13 09:34:26 [notice] 1#1: signal 29 (SIGIO) received
2023/07/13 09:34:26 [notice] 1#1: signal 17 (SIGCHLD) received from 29
2023/07/13 09:34:26 [notice] 1#1: worker process 28 exited with code 0
2023/07/13 09:34:26 [notice] 1#1: worker process 29 exited with code 0
2023/07/13 09:34:26 [notice] 1#1: worker process 31 exited with code 0
2023/07/13 09:34:26 [notice] 1#1: worker process 32 exited with code 0
2023/07/13 09:34:26 [notice] 1#1: worker process 33 exited with code 0
2023/07/13 09:34:26 [notice] 1#1: exit
2023/07/13 09:50:41 [notice] 1#1: using the "epoll" event method
2023/07/13 09:50:41 [notice] 1#1: nginx/1.25.1
2023/07/13 09:50:41 [notice] 1#1: built by gcc 12.2.0 (Debian 12.2.0-14) 
2023/07/13 09:50:41 [notice] 1#1: OS: Linux 5.10.16.3-microsoft-standard-WSL2
2023/07/13 09:50:41 [notice] 1#1: getrlimit(RLIMIT_NOFILE): 1048576:1048576
2023/07/13 09:50:41 [notice] 1#1: start worker processes
2023/07/13 09:50:41 [notice] 1#1: start worker process 28
2023/07/13 09:50:41 [notice] 1#1: start worker process 29
2023/07/13 09:50:41 [notice] 1#1: start worker process 30
2023/07/13 09:50:41 [notice] 1#1: start worker process 31
2023/07/13 09:50:41 [notice] 1#1: start worker process 32
2023/07/13 09:50:41 [notice] 1#1: start worker process 33
2023/07/13 09:52:57 [notice] 1#1: using the "epoll" event method
2023/07/13 09:52:57 [notice] 1#1: nginx/1.25.1
2023/07/13 09:52:57 [notice] 1#1: built by gcc 12.2.0 (Debian 12.2.0-14) 
2023/07/13 09:52:57 [notice] 1#1: OS: Linux 5.10.16.3-microsoft-standard-WSL2
2023/07/13 09:52:57 [notice] 1#1: getrlimit(RLIMIT_NOFILE): 1048576:1048576
2023/07/13 09:52:57 [notice] 1#1: start worker processes
2023/07/13 09:52:57 [notice] 1#1: start worker process 28
2023/07/13 09:52:57 [notice] 1#1: start worker process 29
2023/07/13 09:52:57 [notice] 1#1: start worker process 30
2023/07/13 09:52:57 [notice] 1#1: start worker process 31
2023/07/13 09:52:57 [notice] 1#1: start worker process 32
2023/07/13 09:52:57 [notice] 1#1: start worker process 33
2023/07/13 09:57:00 [notice] 1#1: signal 3 (SIGQUIT) received, shutting down
2023/07/13 09:57:00 [notice] 28#28: gracefully shutting down
2023/07/13 09:57:00 [notice] 29#29: gracefully shutting down
2023/07/13 09:57:00 [notice] 30#30: gracefully shutting down
2023/07/13 09:57:00 [notice] 31#31: gracefully shutting down
2023/07/13 09:57:00 [notice] 32#32: gracefully shutting down
2023/07/13 09:57:00 [notice] 33#33: gracefully shutting down
2023/07/13 09:57:00 [notice] 28#28: exiting
2023/07/13 09:57:00 [notice] 29#29: exiting
2023/07/13 09:57:00 [notice] 30#30: exiting
2023/07/13 09:57:00 [notice] 31#31: exiting
2023/07/13 09:57:00 [notice] 32#32: exiting
2023/07/13 09:57:00 [notice] 33#33: exiting
2023/07/13 09:57:00 [notice] 28#28: exit
2023/07/13 09:57:00 [notice] 29#29: exit
2023/07/13 09:57:00 [notice] 30#30: exit
2023/07/13 09:57:00 [notice] 31#31: exit
2023/07/13 09:57:00 [notice] 32#32: exit
2023/07/13 09:57:00 [notice] 33#33: exit
2023/07/13 09:57:00 [notice] 1#1: signal 17 (SIGCHLD) received from 31
2023/07/13 09:57:00 [notice] 1#1: worker process 31 exited with code 0
2023/07/13 09:57:00 [notice] 1#1: signal 29 (SIGIO) received
2023/07/13 09:57:00 [notice] 1#1: signal 17 (SIGCHLD) received from 30
2023/07/13 09:57:00 [notice] 1#1: worker process 29 exited with code 0
2023/07/13 09:57:00 [notice] 1#1: worker process 30 exited with code 0
2023/07/13 09:57:00 [notice] 1#1: worker process 32 exited with code 0
2023/07/13 09:57:00 [notice] 1#1: signal 29 (SIGIO) received
2023/07/13 09:57:00 [notice] 1#1: signal 17 (SIGCHLD) received from 29
2023/07/13 09:57:00 [notice] 1#1: signal 17 (SIGCHLD) received from 33
2023/07/13 09:57:00 [notice] 1#1: worker process 28 exited with code 0
2023/07/13 09:57:00 [notice] 1#1: worker process 33 exited with code 0
2023/07/13 09:57:00 [notice] 1#1: exit
